<?xml version="1.0" encoding="UTF-8"?>
<testng-results skipped="0" failed="0" total="1" passed="1">
  <reporter-output>
  </reporter-output>
  <suite name="Default suite" duration-ms="24470" started-at="2016-11-26T13:12:15Z" finished-at="2016-11-26T13:12:40Z">
    <groups>
    </groups>
    <test name="Default test" duration-ms="24470" started-at="2016-11-26T13:12:15Z" finished-at="2016-11-26T13:12:40Z">
      <class name="testcases.FirstTCUsingPageObject">
        <test-method status="PASS" signature="loginToApplication()[pri:0, instance:testcases.FirstTCUsingPageObject@271053e1]" name="loginToApplication" duration-ms="24435" started-at="2016-11-26T13:12:15Z" finished-at="2016-11-26T13:12:40Z">
          <reporter-output>
          </reporter-output>
        </test-method> <!-- loginToApplication -->
      </class> <!-- testcases.FirstTCUsingPageObject -->
    </test> <!-- Default test -->
  </suite> <!-- Default suite -->
</testng-results>
